mode: set
github.com/mihailtudos/metrickit/cmd/agent/main.go:13.13,21.6 4 0
github.com/mihailtudos/metrickit/cmd/agent/main.go:21.6,24.44 2 0
github.com/mihailtudos/metrickit/cmd/agent/main.go:24.44,26.18 2 0
github.com/mihailtudos/metrickit/cmd/agent/main.go:26.18,29.5 2 0
github.com/mihailtudos/metrickit/cmd/agent/main.go:33.3,33.42 1 0
github.com/mihailtudos/metrickit/cmd/agent/main.go:33.42,35.18 2 0
github.com/mihailtudos/metrickit/cmd/agent/main.go:35.18,38.5 2 0
github.com/mihailtudos/metrickit/cmd/agent/main.go:43.81,49.25 4 0
github.com/mihailtudos/metrickit/cmd/agent/main.go:49.25,86.3 32 0
github.com/mihailtudos/metrickit/cmd/agent/main.go:89.64,92.28 2 0
github.com/mihailtudos/metrickit/cmd/agent/main.go:93.30,94.106 1 0
github.com/mihailtudos/metrickit/cmd/agent/main.go:95.28,96.104 1 0
github.com/mihailtudos/metrickit/cmd/agent/main.go:99.2,100.16 2 0
github.com/mihailtudos/metrickit/cmd/agent/main.go:100.16,102.3 1 0
github.com/mihailtudos/metrickit/cmd/agent/main.go:104.2,106.37 2 0
github.com/mihailtudos/metrickit/cmd/agent/main.go:106.37,108.3 1 0
github.com/mihailtudos/metrickit/cmd/agent/main.go:110.2,110.12 1 0
github.com/mihailtudos/metrickit/cmd/server/main.go:14.13,17.2 2 0
github.com/mihailtudos/metrickit/cmd/server/main.go:19.36,27.2 5 0
github.com/mihailtudos/metrickit/internal/domain/entities/metrics.go:10.48,15.2 1 0
github.com/mihailtudos/metrickit/config/agent.go:30.36,38.2 2 0
github.com/mihailtudos/metrickit/config/agent.go:40.19,42.40 2 0
github.com/mihailtudos/metrickit/config/agent.go:42.40,44.3 1 0
github.com/mihailtudos/metrickit/config/agent.go:46.2,59.16 10 0
github.com/mihailtudos/metrickit/config/agent.go:59.16,61.3 1 0
github.com/mihailtudos/metrickit/config/agent.go:63.2,64.52 2 0
github.com/mihailtudos/metrickit/config/agent.go:67.59,68.21 1 0
github.com/mihailtudos/metrickit/config/agent.go:68.21,70.3 1 0
github.com/mihailtudos/metrickit/config/server.go:24.24,26.46 2 0
github.com/mihailtudos/metrickit/config/server.go:26.46,28.3 1 0
github.com/mihailtudos/metrickit/config/server.go:30.2,31.16 2 0
github.com/mihailtudos/metrickit/config/server.go:31.16,36.3 4 0
github.com/mihailtudos/metrickit/config/server.go:36.8,38.3 1 0
github.com/mihailtudos/metrickit/config/server.go:46.38,51.2 3 0
github.com/mihailtudos/metrickit/config/server.go:53.62,54.20 1 0
github.com/mihailtudos/metrickit/config/server.go:54.20,56.3 1 0
github.com/mihailtudos/metrickit/config/server.go:57.2,58.21 2 0
github.com/mihailtudos/metrickit/config/server.go:58.21,60.3 1 0
github.com/mihailtudos/metrickit/config/server.go:61.2,62.16 2 0
github.com/mihailtudos/metrickit/config/server.go:62.16,64.3 1 0
github.com/mihailtudos/metrickit/config/server.go:66.2,66.28 1 0
github.com/mihailtudos/metrickit/internal/domain/repositories/counter_mem_repo.go:12.84,14.2 1 0
github.com/mihailtudos/metrickit/internal/domain/repositories/counter_mem_repo.go:16.85,18.9 2 0
github.com/mihailtudos/metrickit/internal/domain/repositories/counter_mem_repo.go:18.9,20.3 1 0
github.com/mihailtudos/metrickit/internal/domain/repositories/counter_mem_repo.go:20.8,22.3 1 0
github.com/mihailtudos/metrickit/internal/domain/repositories/counter_mem_repo.go:24.2,24.12 1 0
github.com/mihailtudos/metrickit/internal/domain/repositories/counter_mem_repo.go:27.75,28.50 1 0
github.com/mihailtudos/metrickit/internal/domain/repositories/counter_mem_repo.go:28.50,30.3 1 0
github.com/mihailtudos/metrickit/internal/domain/repositories/counter_mem_repo.go:31.2,32.16 2 0
github.com/mihailtudos/metrickit/internal/domain/repositories/counter_mem_repo.go:35.71,36.50 1 0
github.com/mihailtudos/metrickit/internal/domain/repositories/counter_mem_repo.go:36.50,38.3 1 0
github.com/mihailtudos/metrickit/internal/domain/repositories/counter_mem_repo.go:40.2,40.26 1 0
github.com/mihailtudos/metrickit/internal/domain/repositories/gauge_mem_repo.go:12.80,14.2 1 0
github.com/mihailtudos/metrickit/internal/domain/repositories/gauge_mem_repo.go:16.79,20.2 2 0
github.com/mihailtudos/metrickit/internal/domain/repositories/gauge_mem_repo.go:22.71,23.48 1 0
github.com/mihailtudos/metrickit/internal/domain/repositories/gauge_mem_repo.go:23.48,25.3 1 0
github.com/mihailtudos/metrickit/internal/domain/repositories/gauge_mem_repo.go:27.2,28.14 2 0
github.com/mihailtudos/metrickit/internal/domain/repositories/gauge_mem_repo.go:31.67,32.48 1 0
github.com/mihailtudos/metrickit/internal/domain/repositories/gauge_mem_repo.go:32.48,34.3 1 0
github.com/mihailtudos/metrickit/internal/domain/repositories/gauge_mem_repo.go:36.2,36.24 1 0
github.com/mihailtudos/metrickit/internal/domain/repositories/repository.go:25.59,30.2 1 0
github.com/mihailtudos/metrickit/internal/infrastructure/storage/mem.go:12.34,17.2 1 0
github.com/mihailtudos/metrickit/pkg/flags/duration.go:14.76,19.2 1 0
github.com/mihailtudos/metrickit/pkg/flags/duration.go:21.41,23.2 1 0
github.com/mihailtudos/metrickit/pkg/flags/duration.go:25.54,27.16 2 0
github.com/mihailtudos/metrickit/pkg/flags/duration.go:27.16,29.3 1 0
github.com/mihailtudos/metrickit/pkg/flags/duration.go:31.2,32.12 2 0
github.com/mihailtudos/metrickit/pkg/flags/duration.go:35.53,37.2 1 0
github.com/mihailtudos/metrickit/pkg/flags/server_address.go:14.65,19.2 4 0
github.com/mihailtudos/metrickit/pkg/flags/server_address.go:21.39,23.2 1 0
github.com/mihailtudos/metrickit/pkg/flags/server_address.go:25.52,27.21 2 0
github.com/mihailtudos/metrickit/pkg/flags/server_address.go:27.21,29.3 1 0
github.com/mihailtudos/metrickit/pkg/flags/server_address.go:31.2,32.16 2 0
github.com/mihailtudos/metrickit/pkg/flags/server_address.go:32.16,34.3 1 0
github.com/mihailtudos/metrickit/pkg/flags/server_address.go:36.2,38.12 3 0
github.com/mihailtudos/metrickit/cmd/agent/main.go:13.13,21.6 4 0
github.com/mihailtudos/metrickit/cmd/agent/main.go:21.6,24.44 2 0
github.com/mihailtudos/metrickit/cmd/agent/main.go:24.44,26.18 2 0
github.com/mihailtudos/metrickit/cmd/agent/main.go:26.18,29.5 2 0
github.com/mihailtudos/metrickit/cmd/agent/main.go:33.3,33.42 1 0
github.com/mihailtudos/metrickit/cmd/agent/main.go:33.42,35.18 2 0
github.com/mihailtudos/metrickit/cmd/agent/main.go:35.18,38.5 2 0
github.com/mihailtudos/metrickit/cmd/agent/main.go:43.81,49.25 4 0
github.com/mihailtudos/metrickit/cmd/agent/main.go:49.25,86.3 32 0
github.com/mihailtudos/metrickit/cmd/agent/main.go:89.64,92.28 2 0
github.com/mihailtudos/metrickit/cmd/agent/main.go:93.30,94.106 1 0
github.com/mihailtudos/metrickit/cmd/agent/main.go:95.28,96.104 1 0
github.com/mihailtudos/metrickit/cmd/agent/main.go:99.2,100.16 2 0
github.com/mihailtudos/metrickit/cmd/agent/main.go:100.16,102.3 1 0
github.com/mihailtudos/metrickit/cmd/agent/main.go:104.2,106.37 2 0
github.com/mihailtudos/metrickit/cmd/agent/main.go:106.37,108.3 1 0
github.com/mihailtudos/metrickit/cmd/agent/main.go:110.2,110.12 1 0
github.com/mihailtudos/metrickit/cmd/server/main.go:14.13,17.2 2 0
github.com/mihailtudos/metrickit/cmd/server/main.go:19.36,27.2 5 0
github.com/mihailtudos/metrickit/config/agent.go:30.36,38.2 2 0
github.com/mihailtudos/metrickit/config/agent.go:40.19,42.40 2 0
github.com/mihailtudos/metrickit/config/agent.go:42.40,44.3 1 0
github.com/mihailtudos/metrickit/config/agent.go:46.2,59.16 10 0
github.com/mihailtudos/metrickit/config/agent.go:59.16,61.3 1 0
github.com/mihailtudos/metrickit/config/agent.go:63.2,64.52 2 0
github.com/mihailtudos/metrickit/config/agent.go:67.59,68.21 1 0
github.com/mihailtudos/metrickit/config/agent.go:68.21,70.3 1 0
github.com/mihailtudos/metrickit/config/server.go:24.24,26.46 2 0
github.com/mihailtudos/metrickit/config/server.go:26.46,28.3 1 0
github.com/mihailtudos/metrickit/config/server.go:30.2,31.16 2 0
github.com/mihailtudos/metrickit/config/server.go:31.16,36.3 4 0
github.com/mihailtudos/metrickit/config/server.go:36.8,38.3 1 0
github.com/mihailtudos/metrickit/config/server.go:46.38,51.2 3 0
github.com/mihailtudos/metrickit/config/server.go:53.62,54.20 1 0
github.com/mihailtudos/metrickit/config/server.go:54.20,56.3 1 0
github.com/mihailtudos/metrickit/config/server.go:57.2,58.21 2 0
github.com/mihailtudos/metrickit/config/server.go:58.21,60.3 1 0
github.com/mihailtudos/metrickit/config/server.go:61.2,62.16 2 0
github.com/mihailtudos/metrickit/config/server.go:62.16,64.3 1 0
github.com/mihailtudos/metrickit/config/server.go:66.2,66.28 1 0
github.com/mihailtudos/metrickit/internal/domain/entities/metrics.go:10.48,15.2 1 0
github.com/mihailtudos/metrickit/internal/domain/repositories/counter_mem_repo.go:12.84,14.2 1 1
github.com/mihailtudos/metrickit/internal/domain/repositories/counter_mem_repo.go:16.85,18.9 2 1
github.com/mihailtudos/metrickit/internal/domain/repositories/counter_mem_repo.go:18.9,20.3 1 1
github.com/mihailtudos/metrickit/internal/domain/repositories/counter_mem_repo.go:20.8,22.3 1 0
github.com/mihailtudos/metrickit/internal/domain/repositories/counter_mem_repo.go:24.2,24.12 1 1
github.com/mihailtudos/metrickit/internal/domain/repositories/counter_mem_repo.go:27.75,28.50 1 0
github.com/mihailtudos/metrickit/internal/domain/repositories/counter_mem_repo.go:28.50,30.3 1 0
github.com/mihailtudos/metrickit/internal/domain/repositories/counter_mem_repo.go:31.2,32.16 2 0
github.com/mihailtudos/metrickit/internal/domain/repositories/counter_mem_repo.go:35.71,36.50 1 0
github.com/mihailtudos/metrickit/internal/domain/repositories/counter_mem_repo.go:36.50,38.3 1 0
github.com/mihailtudos/metrickit/internal/domain/repositories/counter_mem_repo.go:40.2,40.26 1 0
github.com/mihailtudos/metrickit/internal/domain/repositories/gauge_mem_repo.go:12.80,14.2 1 1
github.com/mihailtudos/metrickit/internal/domain/repositories/gauge_mem_repo.go:16.79,20.2 2 1
github.com/mihailtudos/metrickit/internal/domain/repositories/gauge_mem_repo.go:22.71,23.48 1 0
github.com/mihailtudos/metrickit/internal/domain/repositories/gauge_mem_repo.go:23.48,25.3 1 0
github.com/mihailtudos/metrickit/internal/domain/repositories/gauge_mem_repo.go:27.2,28.14 2 0
github.com/mihailtudos/metrickit/internal/domain/repositories/gauge_mem_repo.go:31.67,32.48 1 0
github.com/mihailtudos/metrickit/internal/domain/repositories/gauge_mem_repo.go:32.48,34.3 1 0
github.com/mihailtudos/metrickit/internal/domain/repositories/gauge_mem_repo.go:36.2,36.24 1 0
github.com/mihailtudos/metrickit/internal/domain/repositories/repository.go:25.59,30.2 1 1
github.com/mihailtudos/metrickit/internal/handlers/handlers.go:15.77,17.2 1 0
github.com/mihailtudos/metrickit/internal/handlers/handlers.go:19.50,33.2 5 0
github.com/mihailtudos/metrickit/internal/handlers/metric_values.go:16.74,19.16 3 0
github.com/mihailtudos/metrickit/internal/handlers/metric_values.go:19.16,22.3 2 0
github.com/mihailtudos/metrickit/internal/handlers/metric_values.go:24.2,32.50 7 0
github.com/mihailtudos/metrickit/internal/handlers/metric_values.go:32.50,35.3 2 0
github.com/mihailtudos/metrickit/internal/handlers/metric_values.go:38.77,43.16 4 0
github.com/mihailtudos/metrickit/internal/handlers/metric_values.go:43.16,46.3 2 0
github.com/mihailtudos/metrickit/internal/handlers/metric_values.go:48.2,48.25 1 0
github.com/mihailtudos/metrickit/internal/handlers/metric_values.go:49.24,50.33 1 0
github.com/mihailtudos/metrickit/internal/handlers/metric_values.go:51.22,52.33 1 0
github.com/mihailtudos/metrickit/internal/handlers/metric_values.go:53.10,54.37 1 0
github.com/mihailtudos/metrickit/internal/handlers/metric_values.go:57.2,57.61 1 0
github.com/mihailtudos/metrickit/internal/handlers/metric_values.go:60.83,61.46 1 0
github.com/mihailtudos/metrickit/internal/handlers/metric_values.go:61.46,63.9 2 0
github.com/mihailtudos/metrickit/internal/handlers/metric_values.go:63.9,65.4 1 0
github.com/mihailtudos/metrickit/internal/handlers/metric_values.go:68.2,68.44 1 0
github.com/mihailtudos/metrickit/internal/handlers/metric_values.go:68.44,70.9 2 0
github.com/mihailtudos/metrickit/internal/handlers/metric_values.go:70.9,73.4 2 0
github.com/mihailtudos/metrickit/internal/handlers/metric_values.go:76.2,76.37 1 0
github.com/mihailtudos/metrickit/internal/handlers/update.go:17.76,23.88 4 0
github.com/mihailtudos/metrickit/internal/handlers/update.go:23.88,27.3 3 0
github.com/mihailtudos/metrickit/internal/handlers/update.go:30.2,30.58 1 0
github.com/mihailtudos/metrickit/internal/handlers/update.go:30.58,34.3 3 0
github.com/mihailtudos/metrickit/internal/handlers/update.go:36.2,38.20 2 0
github.com/mihailtudos/metrickit/internal/handlers/update.go:39.34,40.83 1 0
github.com/mihailtudos/metrickit/internal/handlers/update.go:40.83,43.4 2 0
github.com/mihailtudos/metrickit/internal/handlers/update.go:44.32,45.81 1 0
github.com/mihailtudos/metrickit/internal/handlers/update.go:45.81,48.4 2 0
github.com/mihailtudos/metrickit/internal/handlers/update.go:49.10,50.37 1 0
github.com/mihailtudos/metrickit/internal/handlers/update.go:54.2,54.30 1 0
github.com/mihailtudos/metrickit/internal/handlers/update.go:57.71,59.2 1 0
github.com/mihailtudos/metrickit/internal/infrastructure/storage/mem.go:12.34,17.2 1 1
github.com/mihailtudos/metrickit/internal/service/counter.go:16.104,18.2 1 1
github.com/mihailtudos/metrickit/internal/service/counter.go:20.69,22.16 2 1
github.com/mihailtudos/metrickit/internal/service/counter.go:22.16,24.3 1 1
github.com/mihailtudos/metrickit/internal/service/counter.go:26.2,27.49 2 1
github.com/mihailtudos/metrickit/internal/service/counter.go:30.73,32.2 1 0
github.com/mihailtudos/metrickit/internal/service/counter.go:34.69,36.2 1 0
github.com/mihailtudos/metrickit/internal/service/gauge.go:16.98,18.2 1 1
github.com/mihailtudos/metrickit/internal/service/gauge.go:20.67,22.16 2 1
github.com/mihailtudos/metrickit/internal/service/gauge.go:22.16,24.3 1 1
github.com/mihailtudos/metrickit/internal/service/gauge.go:26.2,27.47 2 1
github.com/mihailtudos/metrickit/internal/service/gauge.go:30.69,32.2 1 0
github.com/mihailtudos/metrickit/internal/service/gauge.go:34.65,36.2 1 0
github.com/mihailtudos/metrickit/internal/service/mock-service.go:10.67,11.45 1 0
github.com/mihailtudos/metrickit/internal/service/mock-service.go:11.45,13.3 1 0
github.com/mihailtudos/metrickit/internal/service/mock-service.go:15.2,15.12 1 0
github.com/mihailtudos/metrickit/internal/service/mock-service.go:18.71,20.2 1 0
github.com/mihailtudos/metrickit/internal/service/mock-service.go:22.67,24.2 1 0
github.com/mihailtudos/metrickit/internal/service/mock-service.go:28.65,29.55 1 0
github.com/mihailtudos/metrickit/internal/service/mock-service.go:29.55,31.3 1 0
github.com/mihailtudos/metrickit/internal/service/mock-service.go:33.2,33.12 1 0
github.com/mihailtudos/metrickit/internal/service/mock-service.go:36.67,38.2 1 0
github.com/mihailtudos/metrickit/internal/service/mock-service.go:40.63,42.2 1 0
github.com/mihailtudos/metrickit/internal/service/mock-service.go:44.32,49.2 1 0
github.com/mihailtudos/metrickit/internal/service/service.go:29.84,34.2 1 0
github.com/mihailtudos/metrickit/pkg/flags/duration.go:14.76,19.2 1 0
github.com/mihailtudos/metrickit/pkg/flags/duration.go:21.41,23.2 1 0
github.com/mihailtudos/metrickit/pkg/flags/duration.go:25.54,27.16 2 0
github.com/mihailtudos/metrickit/pkg/flags/duration.go:27.16,29.3 1 0
github.com/mihailtudos/metrickit/pkg/flags/duration.go:31.2,32.12 2 0
github.com/mihailtudos/metrickit/pkg/flags/duration.go:35.53,37.2 1 0
github.com/mihailtudos/metrickit/pkg/flags/server_address.go:14.65,19.2 4 0
github.com/mihailtudos/metrickit/pkg/flags/server_address.go:21.39,23.2 1 0
github.com/mihailtudos/metrickit/pkg/flags/server_address.go:25.52,27.21 2 0
github.com/mihailtudos/metrickit/pkg/flags/server_address.go:27.21,29.3 1 0
github.com/mihailtudos/metrickit/pkg/flags/server_address.go:31.2,32.16 2 0
github.com/mihailtudos/metrickit/pkg/flags/server_address.go:32.16,34.3 1 0
github.com/mihailtudos/metrickit/pkg/flags/server_address.go:36.2,38.12 3 0
github.com/mihailtudos/metrickit/cmd/agent/main.go:13.13,21.6 4 0
github.com/mihailtudos/metrickit/cmd/agent/main.go:21.6,24.44 2 0
github.com/mihailtudos/metrickit/cmd/agent/main.go:24.44,26.18 2 0
github.com/mihailtudos/metrickit/cmd/agent/main.go:26.18,29.5 2 0
github.com/mihailtudos/metrickit/cmd/agent/main.go:33.3,33.42 1 0
github.com/mihailtudos/metrickit/cmd/agent/main.go:33.42,35.18 2 0
github.com/mihailtudos/metrickit/cmd/agent/main.go:35.18,38.5 2 0
github.com/mihailtudos/metrickit/cmd/agent/main.go:43.81,49.25 4 0
github.com/mihailtudos/metrickit/cmd/agent/main.go:49.25,86.3 32 0
github.com/mihailtudos/metrickit/cmd/agent/main.go:89.64,92.28 2 0
github.com/mihailtudos/metrickit/cmd/agent/main.go:93.30,94.106 1 0
github.com/mihailtudos/metrickit/cmd/agent/main.go:95.28,96.104 1 0
github.com/mihailtudos/metrickit/cmd/agent/main.go:99.2,100.16 2 0
github.com/mihailtudos/metrickit/cmd/agent/main.go:100.16,102.3 1 0
github.com/mihailtudos/metrickit/cmd/agent/main.go:104.2,106.37 2 0
github.com/mihailtudos/metrickit/cmd/agent/main.go:106.37,108.3 1 0
github.com/mihailtudos/metrickit/cmd/agent/main.go:110.2,110.12 1 0
github.com/mihailtudos/metrickit/cmd/server/main.go:14.13,17.2 2 0
github.com/mihailtudos/metrickit/cmd/server/main.go:19.36,27.2 5 0
github.com/mihailtudos/metrickit/config/agent.go:30.36,38.2 2 0
github.com/mihailtudos/metrickit/config/agent.go:40.19,42.40 2 0
github.com/mihailtudos/metrickit/config/agent.go:42.40,44.3 1 0
github.com/mihailtudos/metrickit/config/agent.go:46.2,59.16 10 0
github.com/mihailtudos/metrickit/config/agent.go:59.16,61.3 1 0
github.com/mihailtudos/metrickit/config/agent.go:63.2,64.52 2 0
github.com/mihailtudos/metrickit/config/agent.go:67.59,68.21 1 0
github.com/mihailtudos/metrickit/config/agent.go:68.21,70.3 1 0
github.com/mihailtudos/metrickit/config/server.go:24.24,26.46 2 0
github.com/mihailtudos/metrickit/config/server.go:26.46,28.3 1 0
github.com/mihailtudos/metrickit/config/server.go:30.2,31.16 2 0
github.com/mihailtudos/metrickit/config/server.go:31.16,36.3 4 0
github.com/mihailtudos/metrickit/config/server.go:36.8,38.3 1 0
github.com/mihailtudos/metrickit/config/server.go:46.38,51.2 3 0
github.com/mihailtudos/metrickit/config/server.go:53.62,54.20 1 0
github.com/mihailtudos/metrickit/config/server.go:54.20,56.3 1 0
github.com/mihailtudos/metrickit/config/server.go:57.2,58.21 2 0
github.com/mihailtudos/metrickit/config/server.go:58.21,60.3 1 0
github.com/mihailtudos/metrickit/config/server.go:61.2,62.16 2 0
github.com/mihailtudos/metrickit/config/server.go:62.16,64.3 1 0
github.com/mihailtudos/metrickit/config/server.go:66.2,66.28 1 0
github.com/mihailtudos/metrickit/internal/domain/entities/metrics.go:10.48,15.2 1 0
github.com/mihailtudos/metrickit/internal/domain/repositories/counter_mem_repo.go:12.84,14.2 1 0
github.com/mihailtudos/metrickit/internal/domain/repositories/counter_mem_repo.go:16.85,18.9 2 0
github.com/mihailtudos/metrickit/internal/domain/repositories/counter_mem_repo.go:18.9,20.3 1 0
github.com/mihailtudos/metrickit/internal/domain/repositories/counter_mem_repo.go:20.8,22.3 1 0
github.com/mihailtudos/metrickit/internal/domain/repositories/counter_mem_repo.go:24.2,24.12 1 0
github.com/mihailtudos/metrickit/internal/domain/repositories/counter_mem_repo.go:27.75,28.50 1 0
github.com/mihailtudos/metrickit/internal/domain/repositories/counter_mem_repo.go:28.50,30.3 1 0
github.com/mihailtudos/metrickit/internal/domain/repositories/counter_mem_repo.go:31.2,32.16 2 0
github.com/mihailtudos/metrickit/internal/domain/repositories/counter_mem_repo.go:35.71,36.50 1 0
github.com/mihailtudos/metrickit/internal/domain/repositories/counter_mem_repo.go:36.50,38.3 1 0
github.com/mihailtudos/metrickit/internal/domain/repositories/counter_mem_repo.go:40.2,40.26 1 0
github.com/mihailtudos/metrickit/internal/domain/repositories/gauge_mem_repo.go:12.80,14.2 1 0
github.com/mihailtudos/metrickit/internal/domain/repositories/gauge_mem_repo.go:16.79,20.2 2 0
github.com/mihailtudos/metrickit/internal/domain/repositories/gauge_mem_repo.go:22.71,23.48 1 0
github.com/mihailtudos/metrickit/internal/domain/repositories/gauge_mem_repo.go:23.48,25.3 1 0
github.com/mihailtudos/metrickit/internal/domain/repositories/gauge_mem_repo.go:27.2,28.14 2 0
github.com/mihailtudos/metrickit/internal/domain/repositories/gauge_mem_repo.go:31.67,32.48 1 0
github.com/mihailtudos/metrickit/internal/domain/repositories/gauge_mem_repo.go:32.48,34.3 1 0
github.com/mihailtudos/metrickit/internal/domain/repositories/gauge_mem_repo.go:36.2,36.24 1 0
github.com/mihailtudos/metrickit/internal/domain/repositories/repository.go:25.59,30.2 1 0
github.com/mihailtudos/metrickit/internal/handlers/handlers.go:15.77,17.2 1 1
github.com/mihailtudos/metrickit/internal/handlers/handlers.go:19.50,33.2 5 1
github.com/mihailtudos/metrickit/internal/handlers/metric_values.go:16.74,19.16 3 0
github.com/mihailtudos/metrickit/internal/handlers/metric_values.go:19.16,22.3 2 0
github.com/mihailtudos/metrickit/internal/handlers/metric_values.go:24.2,32.50 7 0
github.com/mihailtudos/metrickit/internal/handlers/metric_values.go:32.50,35.3 2 0
github.com/mihailtudos/metrickit/internal/handlers/metric_values.go:38.77,43.16 4 0
github.com/mihailtudos/metrickit/internal/handlers/metric_values.go:43.16,46.3 2 0
github.com/mihailtudos/metrickit/internal/handlers/metric_values.go:48.2,48.25 1 0
github.com/mihailtudos/metrickit/internal/handlers/metric_values.go:49.24,50.33 1 0
github.com/mihailtudos/metrickit/internal/handlers/metric_values.go:51.22,52.33 1 0
github.com/mihailtudos/metrickit/internal/handlers/metric_values.go:53.10,54.37 1 0
github.com/mihailtudos/metrickit/internal/handlers/metric_values.go:57.2,57.61 1 0
github.com/mihailtudos/metrickit/internal/handlers/metric_values.go:60.83,61.46 1 0
github.com/mihailtudos/metrickit/internal/handlers/metric_values.go:61.46,63.9 2 0
github.com/mihailtudos/metrickit/internal/handlers/metric_values.go:63.9,65.4 1 0
github.com/mihailtudos/metrickit/internal/handlers/metric_values.go:68.2,68.44 1 0
github.com/mihailtudos/metrickit/internal/handlers/metric_values.go:68.44,70.9 2 0
github.com/mihailtudos/metrickit/internal/handlers/metric_values.go:70.9,73.4 2 0
github.com/mihailtudos/metrickit/internal/handlers/metric_values.go:76.2,76.37 1 0
github.com/mihailtudos/metrickit/internal/handlers/update.go:17.76,23.88 4 1
github.com/mihailtudos/metrickit/internal/handlers/update.go:23.88,27.3 3 1
github.com/mihailtudos/metrickit/internal/handlers/update.go:30.2,30.58 1 1
github.com/mihailtudos/metrickit/internal/handlers/update.go:30.58,34.3 3 0
github.com/mihailtudos/metrickit/internal/handlers/update.go:36.2,38.20 2 1
github.com/mihailtudos/metrickit/internal/handlers/update.go:39.34,40.83 1 1
github.com/mihailtudos/metrickit/internal/handlers/update.go:40.83,43.4 2 1
github.com/mihailtudos/metrickit/internal/handlers/update.go:44.32,45.81 1 1
github.com/mihailtudos/metrickit/internal/handlers/update.go:45.81,48.4 2 0
github.com/mihailtudos/metrickit/internal/handlers/update.go:49.10,50.37 1 0
github.com/mihailtudos/metrickit/internal/handlers/update.go:54.2,54.30 1 1
github.com/mihailtudos/metrickit/internal/handlers/update.go:57.71,59.2 1 1
github.com/mihailtudos/metrickit/internal/infrastructure/storage/mem.go:12.34,17.2 1 0
github.com/mihailtudos/metrickit/internal/service/counter.go:16.104,18.2 1 0
github.com/mihailtudos/metrickit/internal/service/counter.go:20.69,22.16 2 0
github.com/mihailtudos/metrickit/internal/service/counter.go:22.16,24.3 1 0
github.com/mihailtudos/metrickit/internal/service/counter.go:26.2,27.49 2 0
github.com/mihailtudos/metrickit/internal/service/counter.go:30.73,32.2 1 0
github.com/mihailtudos/metrickit/internal/service/counter.go:34.69,36.2 1 0
github.com/mihailtudos/metrickit/internal/service/gauge.go:16.98,18.2 1 0
github.com/mihailtudos/metrickit/internal/service/gauge.go:20.67,22.16 2 0
github.com/mihailtudos/metrickit/internal/service/gauge.go:22.16,24.3 1 0
github.com/mihailtudos/metrickit/internal/service/gauge.go:26.2,27.47 2 0
github.com/mihailtudos/metrickit/internal/service/gauge.go:30.69,32.2 1 0
github.com/mihailtudos/metrickit/internal/service/gauge.go:34.65,36.2 1 0
github.com/mihailtudos/metrickit/internal/service/mock-service.go:10.67,11.45 1 1
github.com/mihailtudos/metrickit/internal/service/mock-service.go:11.45,13.3 1 1
github.com/mihailtudos/metrickit/internal/service/mock-service.go:15.2,15.12 1 1
github.com/mihailtudos/metrickit/internal/service/mock-service.go:18.71,20.2 1 0
github.com/mihailtudos/metrickit/internal/service/mock-service.go:22.67,24.2 1 0
github.com/mihailtudos/metrickit/internal/service/mock-service.go:28.65,29.55 1 1
github.com/mihailtudos/metrickit/internal/service/mock-service.go:29.55,31.3 1 0
github.com/mihailtudos/metrickit/internal/service/mock-service.go:33.2,33.12 1 1
github.com/mihailtudos/metrickit/internal/service/mock-service.go:36.67,38.2 1 0
github.com/mihailtudos/metrickit/internal/service/mock-service.go:40.63,42.2 1 0
github.com/mihailtudos/metrickit/internal/service/mock-service.go:44.32,49.2 1 1
github.com/mihailtudos/metrickit/internal/service/service.go:29.84,34.2 1 0
github.com/mihailtudos/metrickit/pkg/flags/duration.go:14.76,19.2 1 0
github.com/mihailtudos/metrickit/pkg/flags/duration.go:21.41,23.2 1 0
github.com/mihailtudos/metrickit/pkg/flags/duration.go:25.54,27.16 2 0
github.com/mihailtudos/metrickit/pkg/flags/duration.go:27.16,29.3 1 0
github.com/mihailtudos/metrickit/pkg/flags/duration.go:31.2,32.12 2 0
github.com/mihailtudos/metrickit/pkg/flags/duration.go:35.53,37.2 1 0
github.com/mihailtudos/metrickit/pkg/flags/server_address.go:14.65,19.2 4 0
github.com/mihailtudos/metrickit/pkg/flags/server_address.go:21.39,23.2 1 0
github.com/mihailtudos/metrickit/pkg/flags/server_address.go:25.52,27.21 2 0
github.com/mihailtudos/metrickit/pkg/flags/server_address.go:27.21,29.3 1 0
github.com/mihailtudos/metrickit/pkg/flags/server_address.go:31.2,32.16 2 0
github.com/mihailtudos/metrickit/pkg/flags/server_address.go:32.16,34.3 1 0
github.com/mihailtudos/metrickit/pkg/flags/server_address.go:36.2,38.12 3 0
